info it worked if it ends with ok
verbose cli [ 'C:\\Program Files\\nodejs\\\\node.exe',
verbose cli   'C:\\Program Files\\nodejs\\node_modules\\npm\\bin\\npm-cli.js',
verbose cli   'test' ]
info using npm@1.1.21
info using node@v0.6.18
verbose C:\Program Files\nodejs\\node.exe node symlink
verbose config file C:\Users\Administrator\.npmrc
verbose config file C:\Program Files\nodejs\etc\npmrc
verbose config file C:\Program Files\nodejs\node_modules\npm\npmrc
verbose caching C:\Git\SimpleRemote\package.json
verbose loadDefaults simpleremote@0.0.1-alfa
verbose run-script [ 'pretest', 'test', 'posttest' ]
info pretest simpleremote@0.0.1-alfa
info test simpleremote@0.0.1-alfa
verbose unsafe-perm in lifecycle true
silly exec cmd "/c" "nodeunit test"
silly spawning [ 'cmd', [ '/c', 'nodeunit test' ], 'C:\\Git\\SimpleRemote' ]
info simpleremote@0.0.1-alfa Failed to exec test script
ERR! simpleremote@0.0.1-alfa test: `nodeunit test`
ERR! `cmd "/c" "nodeunit test"` failed with 1
ERR! 
ERR! Failed at the simpleremote@0.0.1-alfa test script.
ERR! This is most likely a problem with the simpleremote package,
ERR! not with npm itself.
ERR! Tell the author that this fails on your system:
ERR!     nodeunit test
ERR! You can get their info via:
ERR!     npm owner ls simpleremote
ERR! There is likely additional logging output above.
ERR! 
ERR! System Windows_NT 6.0.6002
ERR! command "C:\\Program Files\\nodejs\\\\node.exe" "C:\\Program Files\\nodejs\\node_modules\\npm\\bin\\npm-cli.js" "test"
ERR! cwd C:\Git\SimpleRemote
ERR! node -v v0.6.18
ERR! npm -v 1.1.21
ERR! code ELIFECYCLE
ERR! message simpleremote@0.0.1-alfa test: `nodeunit test`
ERR! message `cmd "/c" "nodeunit test"` failed with 1
ERR! errno {}
verbose exit [ 1, true ]
